::1 - - [09/Aug/2023:08:42:08 +0000] "GET /api/v1/user HTTP/1.1" 200 25 "-" "PostmanRuntime/7.32.3"
::1 - - [09/Aug/2023:08:42:14 +0000] "POST /api/v1/user HTTP/1.1" 404 151 "-" "PostmanRuntime/7.32.3"
::1 - - [09/Aug/2023:08:43:08 +0000] "POST /api/v1/user HTTP/1.1" 200 25 "-" "PostmanRuntime/7.32.3"
::1 - - [09/Aug/2023:08:44:27 +0000] "POST /api/v1/user HTTP/1.1" 500 62 "-" "PostmanRuntime/7.32.3"
::1 - - [09/Aug/2023:08:44:57 +0000] "POST /api/v1/user HTTP/1.1" 400 142 "-" "PostmanRuntime/7.32.3"
::1 - - [09/Aug/2023:08:50:36 +0000] "POST /api/v1/user HTTP/1.1" 400 142 "-" "PostmanRuntime/7.32.3"
::1 - - [09/Aug/2023:08:51:05 +0000] "POST /api/v1/user/signup HTTP/1.1" 404 158 "-" "PostmanRuntime/7.32.3"
::1 - - [09/Aug/2023:08:54:04 +0000] "POST /api/v1/user/signup HTTP/1.1" 400 128 "-" "PostmanRuntime/7.32.3"
::1 - - [09/Aug/2023:08:54:34 +0000] "POST /api/v1/user/signup HTTP/1.1" 400 158 "-" "PostmanRuntime/7.32.3"
::1 - - [09/Aug/2023:08:55:53 +0000] "POST /api/v1/user/signup HTTP/1.1" 200 576 "-" "PostmanRuntime/7.32.3"
::1 - - [09/Aug/2023:08:56:55 +0000] "POST /api/v1/user/signup HTTP/1.1" 200 95 "-" "PostmanRuntime/7.32.3"
::1 - - [09/Aug/2023:08:57:24 +0000] "POST /api/v1/user/signup HTTP/1.1" 500 58 "-" "PostmanRuntime/7.32.3"
::1 - - [09/Aug/2023:08:57:39 +0000] "POST /api/v1/user/signup HTTP/1.1" 200 254 "-" "PostmanRuntime/7.32.3"
::1 - - [09/Aug/2023:08:58:14 +0000] "POST /api/v1/user/signup HTTP/1.1" 200 261 "-" "PostmanRuntime/7.32.3"
::1 - - [09/Aug/2023:09:00:14 +0000] "POST /api/v1/user/signup HTTP/1.1" 200 258 "-" "PostmanRuntime/7.32.3"
::1 - - [09/Aug/2023:09:02:12 +0000] "POST /api/v1/user/signup HTTP/1.1" 200 268 "-" "PostmanRuntime/7.32.3"
::1 - - [09/Aug/2023:09:02:55 +0000] "POST /api/v1/user/signup HTTP/1.1" 200 268 "-" "PostmanRuntime/7.32.3"
::1 - - [09/Aug/2023:09:04:13 +0000] "POST /api/v1/user/signup HTTP/1.1" 400 141 "-" "PostmanRuntime/7.32.3"
::1 - - [09/Aug/2023:09:04:28 +0000] "POST /api/v1/user/signup HTTP/1.1" 400 128 "-" "PostmanRuntime/7.32.3"
::1 - - [09/Aug/2023:09:04:35 +0000] "POST /api/v1/user/signup HTTP/1.1" 200 268 "-" "PostmanRuntime/7.32.3"
::1 - - [09/Aug/2023:09:04:44 +0000] "POST /api/v1/user/signup HTTP/1.1" 400 129 "-" "PostmanRuntime/7.32.3"
::1 - - [09/Aug/2023:09:05:16 +0000] "POST /api/v1/user HTTP/1.1" 400 142 "-" "PostmanRuntime/7.32.3"
::1 - - [09/Aug/2023:09:05:23 +0000] "POST /api/v1/user HTTP/1.1" 400 142 "-" "PostmanRuntime/7.32.3"
::1 - - [09/Aug/2023:09:05:27 +0000] "POST /api/v1/user HTTP/1.1" 200 189 "-" "PostmanRuntime/7.32.3"
::1 - - [09/Aug/2023:09:05:36 +0000] "POST /api/v1/user HTTP/1.1" 200 189 "-" "PostmanRuntime/7.32.3"
::1 - - [09/Aug/2023:09:06:57 +0000] "POST /api/v1/user/signup HTTP/1.1" 400 129 "-" "PostmanRuntime/7.32.3"
::1 - - [09/Aug/2023:09:07:04 +0000] "POST /api/v1/user/signup HTTP/1.1" 200 260 "-" "PostmanRuntime/7.32.3"
::1 - - [09/Aug/2023:09:07:28 +0000] "POST /api/v1/user HTTP/1.1" 200 189 "-" "PostmanRuntime/7.32.3"
::1 - - [09/Aug/2023:09:09:52 +0000] "GET /api/v1/user HTTP/1.1" 401 252 "-" "PostmanRuntime/7.32.3"
::1 - - [09/Aug/2023:09:10:34 +0000] "GET /api/v1/user HTTP/1.1" 401 142 "-" "PostmanRuntime/7.32.3"
::1 - - [09/Aug/2023:09:11:16 +0000] "GET /api/v1/user HTTP/1.1" 500 80 "-" "PostmanRuntime/7.32.3"
::1 - - [09/Aug/2023:09:12:00 +0000] "GET /api/v1/user HTTP/1.1" 401 142 "-" "PostmanRuntime/7.32.3"
::1 - - [09/Aug/2023:09:12:52 +0000] "POST /api/v1/user/signup HTTP/1.1" 200 253 "-" "PostmanRuntime/7.32.3"
::1 - - [09/Aug/2023:09:12:59 +0000] "POST /api/v1/user HTTP/1.1" 200 182 "-" "PostmanRuntime/7.32.3"
::1 - - [09/Aug/2023:09:13:09 +0000] "GET /api/v1/user HTTP/1.1" 403 147 "-" "PostmanRuntime/7.32.3"
::1 - - [09/Aug/2023:09:14:07 +0000] "GET /api/v1/user HTTP/1.1" 401 142 "-" "PostmanRuntime/7.32.3"
::1 - - [09/Aug/2023:09:14:22 +0000] "GET /api/v1/user HTTP/1.1" 401 142 "-" "PostmanRuntime/7.32.3"
::1 - - [09/Aug/2023:09:14:32 +0000] "GET /api/v1/user HTTP/1.1" 401 142 "-" "PostmanRuntime/7.32.3"
::1 - - [09/Aug/2023:09:15:37 +0000] "GET /api/v1/user HTTP/1.1" 401 142 "-" "PostmanRuntime/7.32.3"
::1 - - [09/Aug/2023:09:15:41 +0000] "GET /api/v1/user HTTP/1.1" 401 142 "-" "PostmanRuntime/7.32.3"
::1 - - [09/Aug/2023:09:15:52 +0000] "GET /api/v1/user HTTP/1.1" 401 142 "-" "PostmanRuntime/7.32.3"
::1 - - [09/Aug/2023:09:15:59 +0000] "GET /api/v1/user HTTP/1.1" 401 143 "-" "PostmanRuntime/7.32.3"
::1 - - [09/Aug/2023:09:16:44 +0000] "GET /api/v1/user HTTP/1.1" 401 142 "-" "PostmanRuntime/7.32.3"
::1 - - [09/Aug/2023:09:17:06 +0000] "GET /api/v1/user HTTP/1.1" 401 142 "-" "PostmanRuntime/7.32.3"
::1 - - [09/Aug/2023:09:17:17 +0000] "GET /api/v1/user HTTP/1.1" 401 142 "-" "PostmanRuntime/7.32.3"
::1 - - [09/Aug/2023:09:17:23 +0000] "GET /api/v1/user HTTP/1.1" 401 142 "-" "PostmanRuntime/7.32.3"
::1 - - [09/Aug/2023:09:17:35 +0000] "GET /api/v1/user HTTP/1.1" 401 142 "-" "PostmanRuntime/7.32.3"
::1 - - [09/Aug/2023:09:17:43 +0000] "POST /api/v1/user HTTP/1.1" 200 182 "-" "PostmanRuntime/7.32.3"
::1 - - [09/Aug/2023:09:17:44 +0000] "GET /api/v1/user HTTP/1.1" 403 155 "-" "PostmanRuntime/7.32.3"
::1 - - [09/Aug/2023:09:18:01 +0000] "POST /api/v1/user HTTP/1.1" 200 182 "-" "PostmanRuntime/7.32.3"
::1 - - [09/Aug/2023:09:18:02 +0000] "GET /api/v1/user HTTP/1.1" 403 155 "-" "PostmanRuntime/7.32.3"
::1 - - [09/Aug/2023:09:18:04 +0000] "GET /api/v1/user HTTP/1.1" 403 155 "-" "PostmanRuntime/7.32.3"
::1 - - [09/Aug/2023:09:18:15 +0000] "GET /api/v1/user HTTP/1.1" 403 155 "-" "PostmanRuntime/7.32.3"
::1 - - [09/Aug/2023:09:18:26 +0000] "GET /api/v1/user HTTP/1.1" 403 147 "-" "PostmanRuntime/7.32.3"
::1 - - [09/Aug/2023:09:18:49 +0000] "GET /api/v1/user HTTP/1.1" 403 142 "-" "PostmanRuntime/7.32.3"
::1 - - [09/Aug/2023:09:19:08 +0000] "POST /api/v1/user HTTP/1.1" 200 182 "-" "PostmanRuntime/7.32.3"
::1 - - [09/Aug/2023:09:20:49 +0000] "POST /api/v1/user HTTP/1.1" 200 104 "-" "PostmanRuntime/7.32.3"
::1 - - [09/Aug/2023:09:21:03 +0000] "POST /api/v1/user/signup HTTP/1.1" 200 251 "-" "PostmanRuntime/7.32.3"
::1 - - [09/Aug/2023:09:21:07 +0000] "POST /api/v1/user HTTP/1.1" 200 182 "-" "PostmanRuntime/7.32.3"
::1 - - [09/Aug/2023:09:21:11 +0000] "GET /api/v1/user HTTP/1.1" 403 142 "-" "PostmanRuntime/7.32.3"
::1 - - [09/Aug/2023:09:21:18 +0000] "GET /api/v1/user HTTP/1.1" 403 142 "-" "PostmanRuntime/7.32.3"
::1 - - [09/Aug/2023:09:21:24 +0000] "GET /api/v1/user HTTP/1.1" 403 142 "-" "PostmanRuntime/7.32.3"
::1 - - [09/Aug/2023:09:21:34 +0000] "GET /api/v1/user HTTP/1.1" 403 142 "-" "PostmanRuntime/7.32.3"
::1 - - [09/Aug/2023:09:21:39 +0000] "POST /api/v1/user HTTP/1.1" 200 182 "-" "PostmanRuntime/7.32.3"
::1 - - [09/Aug/2023:09:21:41 +0000] "GET /api/v1/user HTTP/1.1" 200 568 "-" "PostmanRuntime/7.32.3"
::1 - - [09/Aug/2023:09:24:02 +0000] "GET /api/v1/user HTTP/1.1" 200 252 "-" "PostmanRuntime/7.32.3"
::1 - - [09/Aug/2023:09:24:35 +0000] "GET /api/v1/user HTTP/1.1" 200 25 "-" "PostmanRuntime/7.32.3"
::1 - - [09/Aug/2023:09:25:00 +0000] "POST /api/v1/user/signup HTTP/1.1" 200 251 "-" "PostmanRuntime/7.32.3"
::1 - - [09/Aug/2023:09:25:02 +0000] "POST /api/v1/user HTTP/1.1" 200 182 "-" "PostmanRuntime/7.32.3"
::1 - - [09/Aug/2023:09:25:04 +0000] "GET /api/v1/user HTTP/1.1" 200 239 "-" "PostmanRuntime/7.32.3"
::1 - - [09/Aug/2023:09:26:26 +0000] "GET /api/v1/user/1 HTTP/1.1" 200 239 "-" "PostmanRuntime/7.32.3"
::1 - - [09/Aug/2023:09:27:38 +0000] "GET /api/v1/user/1 HTTP/1.1" 200 184 "-" "PostmanRuntime/7.32.3"
::1 - - [09/Aug/2023:09:29:15 +0000] "GET /api/v1/user/1 HTTP/1.1" 200 310 "-" "PostmanRuntime/7.32.3"
::1 - - [09/Aug/2023:09:30:14 +0000] "GET /api/v1/user/1 HTTP/1.1" 200 98 "-" "PostmanRuntime/7.32.3"
::1 - - [09/Aug/2023:09:30:27 +0000] "GET /api/v1/user/2 HTTP/1.1" 200 297 "-" "PostmanRuntime/7.32.3"
::1 - - [09/Aug/2023:09:30:56 +0000] "GET /api/v1/user/profile HTTP/1.1" 200 104 "-" "PostmanRuntime/7.32.3"
::1 - - [09/Aug/2023:09:32:17 +0000] "GET /api/v1/user/profile HTTP/1.1" 200 104 "-" "PostmanRuntime/7.32.3"
::1 - - [09/Aug/2023:09:32:53 +0000] "GET /api/v1/user/profile HTTP/1.1" 200 104 "-" "PostmanRuntime/7.32.3"
::1 - - [09/Aug/2023:09:33:04 +0000] "GET /api/v1/user/profile/me HTTP/1.1" 404 161 "-" "PostmanRuntime/7.32.3"
::1 - - [09/Aug/2023:09:33:12 +0000] "GET /api/v1/user/profile/me HTTP/1.1" 500 94 "-" "PostmanRuntime/7.32.3"
::1 - - [09/Aug/2023:09:33:35 +0000] "GET /api/v1/user/profile/me HTTP/1.1" 500 94 "-" "PostmanRuntime/7.32.3"
::1 - - [09/Aug/2023:09:34:08 +0000] "GET /api/v1/user/profile/me HTTP/1.1" 500 94 "-" "PostmanRuntime/7.32.3"
::1 - - [09/Aug/2023:09:34:23 +0000] "GET /api/v1/user/profile/me HTTP/1.1" 200 14 "-" "PostmanRuntime/7.32.3"
::1 - - [09/Aug/2023:09:35:33 +0000] "GET /api/v1/user/profile/me HTTP/1.1" 200 310 "-" "PostmanRuntime/7.32.3"
::1 - - [09/Aug/2023:09:42:39 +0000] "POST /api/v1/user/profile/me HTTP/1.1" 200 194 "-" "PostmanRuntime/7.32.3"
::1 - - [09/Aug/2023:09:43:13 +0000] "POST /api/v1/user/profile/me HTTP/1.1" 200 214 "-" "PostmanRuntime/7.32.3"
::1 - - [09/Aug/2023:09:50:24 +0000] "POST /api/v1/user/profile/me HTTP/1.1" 200 223 "-" "PostmanRuntime/7.32.3"
::1 - - [09/Aug/2023:09:50:39 +0000] "POST /api/v1/user/profile/me HTTP/1.1" 200 223 "-" "PostmanRuntime/7.32.3"
::1 - - [09/Aug/2023:09:51:42 +0000] "POST /api/v1/user/profile/me HTTP/1.1" 200 223 "-" "PostmanRuntime/7.32.3"
::1 - - [09/Aug/2023:09:52:16 +0000] "POST /api/v1/user/profile/me HTTP/1.1" 200 223 "-" "PostmanRuntime/7.32.3"
::1 - - [09/Aug/2023:09:52:27 +0000] "POST /api/v1/user/profile/me HTTP/1.1" 200 241 "-" "PostmanRuntime/7.32.3"
::1 - - [09/Aug/2023:09:52:36 +0000] "POST /api/v1/user/profile/me HTTP/1.1" 200 228 "-" "PostmanRuntime/7.32.3"
::1 - - [09/Aug/2023:09:54:38 +0000] "POST /api/v1/user/profile/me HTTP/1.1" 200 223 "-" "PostmanRuntime/7.32.3"
::1 - - [09/Aug/2023:09:54:49 +0000] "POST /api/v1/user/profile/me HTTP/1.1" 200 221 "-" "PostmanRuntime/7.32.3"
::1 - - [09/Aug/2023:09:54:59 +0000] "POST /api/v1/user/profile/me HTTP/1.1" 200 221 "-" "PostmanRuntime/7.32.3"
::1 - - [09/Aug/2023:09:55:12 +0000] "POST /api/v1/user/profile/me HTTP/1.1" 500 1148 "-" "PostmanRuntime/7.32.3"
::1 - - [09/Aug/2023:09:55:44 +0000] "POST /api/v1/user/profile/me HTTP/1.1" 500 1148 "-" "PostmanRuntime/7.32.3"
::1 - - [09/Aug/2023:09:56:16 +0000] "POST /api/v1/user/profile/me HTTP/1.1" 500 1148 "-" "PostmanRuntime/7.32.3"
::1 - - [09/Aug/2023:09:56:38 +0000] "POST /api/v1/user/profile/me HTTP/1.1" 500 1148 "-" "PostmanRuntime/7.32.3"
::1 - - [09/Aug/2023:09:57:08 +0000] "POST /api/v1/user/profile/me HTTP/1.1" 500 1184 "-" "PostmanRuntime/7.32.3"
::1 - - [09/Aug/2023:09:57:49 +0000] "POST /api/v1/user/profile/me HTTP/1.1" 500 1148 "-" "PostmanRuntime/7.32.3"
::1 - - [09/Aug/2023:09:58:04 +0000] "POST /api/v1/user/profile/me HTTP/1.1" 500 1148 "-" "PostmanRuntime/7.32.3"
::1 - - [09/Aug/2023:09:58:41 +0000] "POST /api/v1/user/profile/me HTTP/1.1" 500 1126 "-" "PostmanRuntime/7.32.3"
::1 - - [09/Aug/2023:09:58:57 +0000] "POST /api/v1/user/profile/me HTTP/1.1" 500 1126 "-" "PostmanRuntime/7.32.3"
::1 - - [09/Aug/2023:09:59:00 +0000] "POST /api/v1/user/profile/me HTTP/1.1" 500 1126 "-" "PostmanRuntime/7.32.3"
::1 - - [09/Aug/2023:09:59:16 +0000] "POST /api/v1/user/profile/me HTTP/1.1" 500 1126 "-" "PostmanRuntime/7.32.3"
::1 - - [09/Aug/2023:09:59:52 +0000] "POST /api/v1/user/profile/me HTTP/1.1" 500 1126 "-" "PostmanRuntime/7.32.3"
::1 - - [09/Aug/2023:10:01:23 +0000] "POST /api/v1/user/signup HTTP/1.1" 200 251 "-" "PostmanRuntime/7.32.3"
::1 - - [09/Aug/2023:10:01:26 +0000] "POST /api/v1/user/signup HTTP/1.1" 200 251 "-" "PostmanRuntime/7.32.3"
::1 - - [09/Aug/2023:10:01:36 +0000] "POST /api/v1/user HTTP/1.1" 200 182 "-" "PostmanRuntime/7.32.3"
::1 - - [09/Aug/2023:10:01:40 +0000] "POST /api/v1/user/profile/me HTTP/1.1" 200 209 "-" "PostmanRuntime/7.32.3"
::1 - - [09/Aug/2023:10:02:26 +0000] "POST /api/v1/user/profile/me HTTP/1.1" 200 - "-" "PostmanRuntime/7.32.3"
::1 - - [09/Aug/2023:10:04:42 +0000] "POST /api/v1/user/profile/me HTTP/1.1" 200 - "-" "PostmanRuntime/7.32.3"
::1 - - [09/Aug/2023:10:05:32 +0000] "POST /api/v1/user/profile/me HTTP/1.1" 400 129 "-" "PostmanRuntime/7.32.3"
::1 - - [09/Aug/2023:10:05:42 +0000] "POST /api/v1/user/profile/me HTTP/1.1" 400 129 "-" "PostmanRuntime/7.32.3"
::1 - - [09/Aug/2023:10:05:49 +0000] "POST /api/v1/user/profile/me HTTP/1.1" 200 - "-" "PostmanRuntime/7.32.3"
::1 - - [09/Aug/2023:10:05:56 +0000] "POST /api/v1/user/profile/me HTTP/1.1" 200 222 "-" "PostmanRuntime/7.32.3"
::1 - - [09/Aug/2023:10:06:05 +0000] "POST /api/v1/user/profile/me HTTP/1.1" 200 222 "-" "PostmanRuntime/7.32.3"
::1 - - [09/Aug/2023:10:06:23 +0000] "POST /api/v1/user/profile/me HTTP/1.1" 200 82 "-" "PostmanRuntime/7.32.3"
::1 - - [09/Aug/2023:10:07:44 +0000] "POST /api/v1/user/signup HTTP/1.1" 400 128 "-" "PostmanRuntime/7.32.3"
::1 - - [09/Aug/2023:10:07:47 +0000] "POST /api/v1/user/signup HTTP/1.1" 200 251 "-" "PostmanRuntime/7.32.3"
::1 - - [09/Aug/2023:10:08:44 +0000] "POST /api/v1/user/profile/me HTTP/1.1" 200 82 "-" "PostmanRuntime/7.32.3"
::1 - - [09/Aug/2023:10:09:03 +0000] "POST /api/v1/user/profile/me HTTP/1.1" 200 82 "-" "PostmanRuntime/7.32.3"
::1 - - [09/Aug/2023:10:09:10 +0000] "GET /api/v1/user/profile/me HTTP/1.1" 200 334 "-" "PostmanRuntime/7.32.3"
::1 - - [09/Aug/2023:10:09:19 +0000] "GET /api/v1/user/2 HTTP/1.1" 403 142 "-" "PostmanRuntime/7.32.3"
::1 - - [09/Aug/2023:10:09:26 +0000] "POST /api/v1/user HTTP/1.1" 200 182 "-" "PostmanRuntime/7.32.3"
::1 - - [09/Aug/2023:10:09:28 +0000] "GET /api/v1/user/2 HTTP/1.1" 200 297 "-" "PostmanRuntime/7.32.3"
::1 - - [09/Aug/2023:10:09:32 +0000] "GET /api/v1/user/ HTTP/1.1" 200 490 "-" "PostmanRuntime/7.32.3"
::1 - - [09/Aug/2023:10:09:41 +0000] "GET /api/v1/user HTTP/1.1" 200 490 "-" "PostmanRuntime/7.32.3"
::1 - - [09/Aug/2023:10:10:02 +0000] "GET /api/v1/user HTTP/1.1" 200 490 "-" "PostmanRuntime/7.32.3"
::1 - - [09/Aug/2023:10:10:05 +0000] "GET /api/v1/user/3 HTTP/1.1" 200 334 "-" "PostmanRuntime/7.32.3"
::1 - - [09/Aug/2023:10:10:31 +0000] "GET /api/v1/user/3 HTTP/1.1" 200 334 "-" "PostmanRuntime/7.32.3"
::1 - - [09/Aug/2023:10:10:33 +0000] "GET /api/v1/user/1 HTTP/1.1" 200 310 "-" "PostmanRuntime/7.32.3"
::1 - - [09/Aug/2023:10:10:44 +0000] "GET /api/v1/user/1 HTTP/1.1" 200 310 "-" "PostmanRuntime/7.32.3"
::1 - - [09/Aug/2023:10:10:59 +0000] "POST /api/v1/user HTTP/1.1" 200 182 "-" "PostmanRuntime/7.32.3"
::1 - - [09/Aug/2023:10:11:08 +0000] "GET /api/v1/user/1 HTTP/1.1" 200 310 "-" "PostmanRuntime/7.32.3"
::1 - - [09/Aug/2023:10:11:24 +0000] "GET /api/v1/user/1 HTTP/1.1" 200 24 "-" "PostmanRuntime/7.32.3"
::1 - - [10/Aug/2023:01:21:24 +0000] "POST /api/v1/user/ HTTP/1.1" 400 142 "-" "PostmanRuntime/7.32.3"
::1 - - [10/Aug/2023:01:21:59 +0000] "POST /api/v1/user/1 HTTP/1.1" 200 82 "-" "PostmanRuntime/7.32.3"
::1 - - [10/Aug/2023:01:22:21 +0000] "POST /api/v1/user HTTP/1.1" 200 182 "-" "PostmanRuntime/7.32.3"
::1 - - [10/Aug/2023:01:24:06 +0000] "POST /api/v1/user HTTP/1.1" 200 182 "-" "PostmanRuntime/7.32.3"
::1 - - [10/Aug/2023:01:24:13 +0000] "POST /api/v1/user/1 HTTP/1.1" 200 82 "-" "PostmanRuntime/7.32.3"
::1 - - [10/Aug/2023:01:24:25 +0000] "POST /api/v1/user/1 HTTP/1.1" 400 87 "-" "PostmanRuntime/7.32.3"
::1 - - [10/Aug/2023:01:24:35 +0000] "POST /api/v1/user/2 HTTP/1.1" 200 82 "-" "PostmanRuntime/7.32.3"
::1 - - [10/Aug/2023:01:24:47 +0000] "POST /api/v1/user/2 HTTP/1.1" 200 82 "-" "PostmanRuntime/7.32.3"
::1 - - [10/Aug/2023:01:25:20 +0000] "POST /api/v1/user/2 HTTP/1.1" 200 82 "-" "PostmanRuntime/7.32.3"
::1 - - [10/Aug/2023:01:28:11 +0000] "POST /api/v1/user/profile/image HTTP/1.1" 500 93 "-" "PostmanRuntime/7.32.3"
::1 - - [10/Aug/2023:01:28:37 +0000] "POST /api/v1/user/profile/image HTTP/1.1" 400 101 "-" "PostmanRuntime/7.32.3"
::1 - - [10/Aug/2023:01:29:11 +0000] "POST /api/v1/user/profile/image HTTP/1.1" 200 82 "-" "PostmanRuntime/7.32.3"
::1 - - [10/Aug/2023:01:34:49 +0000] "POST /api/v1/user/profile/image HTTP/1.1" 200 82 "-" "PostmanRuntime/7.32.3"
::1 - - [10/Aug/2023:01:35:19 +0000] "POST /api/v1/user/profile/image HTTP/1.1" 200 82 "-" "PostmanRuntime/7.32.3"
::1 - - [10/Aug/2023:01:37:41 +0000] "POST /api/v1/user/profile/image HTTP/1.1" 200 82 "-" "PostmanRuntime/7.32.3"
::1 - - [10/Aug/2023:01:38:27 +0000] "POST /api/v1/user/profile/image HTTP/1.1" 200 82 "-" "PostmanRuntime/7.32.3"
::1 - - [10/Aug/2023:01:40:50 +0000] "POST /api/v1/user/profile/image HTTP/1.1" 500 145 "-" "PostmanRuntime/7.32.3"
::1 - - [10/Aug/2023:01:41:15 +0000] "POST /api/v1/user/profile/image HTTP/1.1" 500 145 "-" "PostmanRuntime/7.32.3"
::1 - - [10/Aug/2023:01:42:57 +0000] "POST /api/v1/user/profile/image HTTP/1.1" 500 145 "-" "PostmanRuntime/7.32.3"
::1 - - [10/Aug/2023:01:43:24 +0000] "POST /api/v1/user/profile/image HTTP/1.1" 500 349 "-" "PostmanRuntime/7.32.3"
::1 - - [10/Aug/2023:01:43:51 +0000] "POST /api/v1/user/profile/image HTTP/1.1" 200 82 "-" "PostmanRuntime/7.32.3"
::1 - - [10/Aug/2023:01:44:02 +0000] "POST /api/v1/user/profile/image HTTP/1.1" 200 82 "-" "PostmanRuntime/7.32.3"
::1 - - [10/Aug/2023:01:44:13 +0000] "POST /api/v1/user/profile/image HTTP/1.1" 200 82 "-" "PostmanRuntime/7.32.3"
::1 - - [10/Aug/2023:01:44:36 +0000] "POST /api/v1/user/profile/image HTTP/1.1" 200 82 "-" "PostmanRuntime/7.32.3"
::1 - - [10/Aug/2023:01:45:31 +0000] "POST /api/v1/user/profile/image HTTP/1.1" 200 82 "-" "PostmanRuntime/7.32.3"
::1 - - [10/Aug/2023:01:45:57 +0000] "POST /api/v1/user/profile/image HTTP/1.1" 200 82 "-" "PostmanRuntime/7.32.3"
::1 - - [10/Aug/2023:01:46:40 +0000] "POST /api/v1/user/profile/image HTTP/1.1" 200 82 "-" "PostmanRuntime/7.32.3"
::1 - - [10/Aug/2023:01:47:08 +0000] "POST /api/v1/user/profile/image HTTP/1.1" 200 82 "-" "PostmanRuntime/7.32.3"
::1 - - [10/Aug/2023:01:47:56 +0000] "GET /public/upload/user/profile/1691632028398_Capture.PNG HTTP/1.1" 404 191 "-" "Mozilla/5.0 (Windows NT 10.0; Win64; x64) AppleWebKit/537.36 (KHTML, like Gecko) Chrome/115.0.0.0 Safari/537.36"
::1 - - [10/Aug/2023:01:48:19 +0000] "GET /images/1691632028398_Capture.PNG HTTP/1.1" 404 171 "-" "Mozilla/5.0 (Windows NT 10.0; Win64; x64) AppleWebKit/537.36 (KHTML, like Gecko) Chrome/115.0.0.0 Safari/537.36"
::1 - - [10/Aug/2023:01:48:27 +0000] "GET /images/1691632028398_Capture.PNG HTTP/1.1" 200 3579 "-" "Mozilla/5.0 (Windows NT 10.0; Win64; x64) AppleWebKit/537.36 (KHTML, like Gecko) Chrome/115.0.0.0 Safari/537.36"
::1 - - [10/Aug/2023:01:48:28 +0000] "GET /favicon.ico HTTP/1.1" 404 150 "http://localhost:7900/images/1691632028398_Capture.PNG" "Mozilla/5.0 (Windows NT 10.0; Win64; x64) AppleWebKit/537.36 (KHTML, like Gecko) Chrome/115.0.0.0 Safari/537.36"
::1 - - [10/Aug/2023:01:48:47 +0000] "GET /pimages/1691632028398_Capture.PNG HTTP/1.1" 200 3579 "-" "Mozilla/5.0 (Windows NT 10.0; Win64; x64) AppleWebKit/537.36 (KHTML, like Gecko) Chrome/115.0.0.0 Safari/537.36"
::1 - - [10/Aug/2023:01:48:50 +0000] "GET /image/1691632028398_Capture.PNG HTTP/1.1" 404 170 "-" "Mozilla/5.0 (Windows NT 10.0; Win64; x64) AppleWebKit/537.36 (KHTML, like Gecko) Chrome/115.0.0.0 Safari/537.36"
::1 - - [10/Aug/2023:01:48:53 +0000] "GET /pimage/1691632028398_Capture.PNG HTTP/1.1" 404 171 "-" "Mozilla/5.0 (Windows NT 10.0; Win64; x64) AppleWebKit/537.36 (KHTML, like Gecko) Chrome/115.0.0.0 Safari/537.36"
::1 - - [10/Aug/2023:01:48:56 +0000] "GET /pimages/1691632028398_Capture.PNG HTTP/1.1" 304 - "-" "Mozilla/5.0 (Windows NT 10.0; Win64; x64) AppleWebKit/537.36 (KHTML, like Gecko) Chrome/115.0.0.0 Safari/537.36"
::1 - - [10/Aug/2023:01:49:46 +0000] "POST /api/v1/user/profile/image HTTP/1.1" 500 62 "-" "PostmanRuntime/7.32.3"
::1 - - [10/Aug/2023:01:49:55 +0000] "POST /api/v1/user/profile/image HTTP/1.1" 500 62 "-" "PostmanRuntime/7.32.3"
::1 - - [10/Aug/2023:01:50:07 +0000] "POST /api/v1/user/profile/image HTTP/1.1" 200 82 "-" "PostmanRuntime/7.32.3"
::1 - - [10/Aug/2023:01:56:39 +0000] "POST /api/v1/user/profile/image HTTP/1.1" 200 82 "-" "PostmanRuntime/7.32.3"
::1 - - [10/Aug/2023:01:56:58 +0000] "POST /api/v1/user/profile/image HTTP/1.1" 200 82 "-" "PostmanRuntime/7.32.3"
::1 - - [10/Aug/2023:01:57:00 +0000] "GET /pimages/1691632618158_Capture.PNG HTTP/1.1" 200 3579 "-" "Mozilla/5.0 (Windows NT 10.0; Win64; x64) AppleWebKit/537.36 (KHTML, like Gecko) Chrome/115.0.0.0 Safari/537.36"
::1 - - [10/Aug/2023:01:58:11 +0000] "POST /api/v1/user/profile/image HTTP/1.1" 500 57 "-" "PostmanRuntime/7.32.3"
::1 - - [10/Aug/2023:01:58:22 +0000] "POST /api/v1/user/profile/image HTTP/1.1" 200 82 "-" "PostmanRuntime/7.32.3"
::1 - - [10/Aug/2023:01:58:34 +0000] "GET /pimages/1691632702704_Capture.PNG HTTP/1.1" 200 3579 "-" "Mozilla/5.0 (Windows NT 10.0; Win64; x64) AppleWebKit/537.36 (KHTML, like Gecko) Chrome/115.0.0.0 Safari/537.36"
::1 - - [10/Aug/2023:01:58:59 +0000] "POST /api/v1/user/profile/image HTTP/1.1" 200 82 "-" "PostmanRuntime/7.32.3"
::1 - - [10/Aug/2023:02:01:16 +0000] "POST /api/v1/user/profile/image HTTP/1.1" 200 82 "-" "PostmanRuntime/7.32.3"
::1 - - [10/Aug/2023:02:02:16 +0000] "POST /api/v1/user/profile/image HTTP/1.1" 200 82 "-" "PostmanRuntime/7.32.3"
::1 - - [10/Aug/2023:02:04:11 +0000] "POST /api/v1/user/profile/image HTTP/1.1" 200 82 "-" "PostmanRuntime/7.32.3"
::1 - - [10/Aug/2023:02:05:49 +0000] "POST /api/v1/user/profile/image HTTP/1.1" 200 82 "-" "PostmanRuntime/7.32.3"
::1 - - [10/Aug/2023:02:05:53 +0000] "POST /api/v1/user/profile/image HTTP/1.1" 200 82 "-" "PostmanRuntime/7.32.3"
::1 - - [10/Aug/2023:02:06:03 +0000] "POST /api/v1/user/profile/image HTTP/1.1" 200 82 "-" "PostmanRuntime/7.32.3"
::1 - - [10/Aug/2023:02:06:58 +0000] "POST /api/v1/user/profile/image HTTP/1.1" 200 82 "-" "PostmanRuntime/7.32.3"
::1 - - [10/Aug/2023:02:07:12 +0000] "POST /api/v1/user/profile/image HTTP/1.1" 200 82 "-" "PostmanRuntime/7.32.3"
::1 - - [10/Aug/2023:02:07:26 +0000] "POST /api/v1/user/profile/image HTTP/1.1" 200 82 "-" "PostmanRuntime/7.32.3"
::1 - - [10/Aug/2023:02:07:35 +0000] "POST /api/v1/user/profile/image HTTP/1.1" 200 82 "-" "PostmanRuntime/7.32.3"
::1 - - [10/Aug/2023:02:07:51 +0000] "POST /api/v1/user/profile/image HTTP/1.1" 200 82 "-" "PostmanRuntime/7.32.3"
::1 - - [10/Aug/2023:02:08:13 +0000] "POST /api/v1/user/profile/image HTTP/1.1" 200 82 "-" "PostmanRuntime/7.32.3"
::1 - - [10/Aug/2023:02:08:29 +0000] "POST /api/v1/user/profile/image HTTP/1.1" 200 82 "-" "PostmanRuntime/7.32.3"
::1 - - [10/Aug/2023:02:08:32 +0000] "POST /api/v1/user/profile/image HTTP/1.1" 200 82 "-" "PostmanRuntime/7.32.3"
::1 - - [10/Aug/2023:02:08:45 +0000] "POST /api/v1/user/profile/image HTTP/1.1" 200 82 "-" "PostmanRuntime/7.32.3"
::1 - - [10/Aug/2023:02:10:16 +0000] "POST /api/v1/user/profile/image HTTP/1.1" 200 82 "-" "PostmanRuntime/7.32.3"
::1 - - [10/Aug/2023:02:10:19 +0000] "POST /api/v1/user/profile/image HTTP/1.1" 200 82 "-" "PostmanRuntime/7.32.3"
::1 - - [10/Aug/2023:02:10:35 +0000] "POST /api/v1/user/profile/image HTTP/1.1" 200 82 "-" "PostmanRuntime/7.32.3"
::1 - - [10/Aug/2023:02:13:03 +0000] "POST /api/v1/user/profile/image HTTP/1.1" 500 94 "-" "PostmanRuntime/7.32.3"
::1 - - [10/Aug/2023:02:13:40 +0000] "POST /api/v1/user/profile/image HTTP/1.1" 500 94 "-" "PostmanRuntime/7.32.3"
::1 - - [10/Aug/2023:02:14:28 +0000] "POST /api/v1/user/profile/image HTTP/1.1" 500 94 "-" "PostmanRuntime/7.32.3"
::1 - - [10/Aug/2023:02:14:46 +0000] "POST /api/v1/user/profile/image HTTP/1.1" 500 94 "-" "PostmanRuntime/7.32.3"
::1 - - [10/Aug/2023:02:15:14 +0000] "POST /api/v1/user/profile/image HTTP/1.1" 500 89 "-" "PostmanRuntime/7.32.3"
::1 - - [10/Aug/2023:02:18:49 +0000] "POST /api/v1/user/profile/image HTTP/1.1" 500 59 "-" "PostmanRuntime/7.32.3"
::1 - - [10/Aug/2023:02:19:13 +0000] "POST /api/v1/user/profile/image HTTP/1.1" 500 94 "-" "PostmanRuntime/7.32.3"
::1 - - [10/Aug/2023:02:19:31 +0000] "POST /api/v1/user/profile/image HTTP/1.1" 500 94 "-" "PostmanRuntime/7.32.3"
::1 - - [10/Aug/2023:02:21:20 +0000] "POST /api/v1/user/profile/image HTTP/1.1" 500 94 "-" "PostmanRuntime/7.32.3"
::1 - - [10/Aug/2023:02:21:23 +0000] "POST /api/v1/user/profile/image HTTP/1.1" 500 94 "-" "PostmanRuntime/7.32.3"
::1 - - [10/Aug/2023:02:21:32 +0000] "POST /api/v1/user/profile/image HTTP/1.1" 500 94 "-" "PostmanRuntime/7.32.3"
::1 - - [10/Aug/2023:02:21:37 +0000] "POST /api/v1/user/profile/image HTTP/1.1" 500 94 "-" "PostmanRuntime/7.32.3"
::1 - - [10/Aug/2023:02:21:40 +0000] "POST /api/v1/user/profile/image HTTP/1.1" 500 94 "-" "PostmanRuntime/7.32.3"
::1 - - [10/Aug/2023:02:21:53 +0000] "POST /api/v1/user/profile/image HTTP/1.1" 500 94 "-" "PostmanRuntime/7.32.3"
::1 - - [10/Aug/2023:02:21:55 +0000] "POST /api/v1/user/profile/image HTTP/1.1" 500 94 "-" "PostmanRuntime/7.32.3"
::1 - - [10/Aug/2023:02:22:39 +0000] "POST /api/v1/user/profile/image HTTP/1.1" 500 94 "-" "PostmanRuntime/7.32.3"
::1 - - [10/Aug/2023:02:23:03 +0000] "POST /api/v1/user/profile/image HTTP/1.1" 500 94 "-" "PostmanRuntime/7.32.3"
::1 - - [10/Aug/2023:02:25:35 +0000] "POST /api/v1/user/profile/image HTTP/1.1" 400 155 "-" "PostmanRuntime/7.32.3"
::1 - - [10/Aug/2023:02:25:47 +0000] "POST /api/v1/user/profile/image HTTP/1.1" 400 81 "-" "PostmanRuntime/7.32.3"
::1 - - [10/Aug/2023:02:25:59 +0000] "POST /api/v1/user/profile/image HTTP/1.1" 400 81 "-" "PostmanRuntime/7.32.3"
::1 - - [10/Aug/2023:02:26:37 +0000] "POST /api/v1/user/profile/image HTTP/1.1" 200 82 "-" "PostmanRuntime/7.32.3"
::1 - - [10/Aug/2023:02:26:45 +0000] "POST /api/v1/user/profile/image HTTP/1.1" 200 82 "-" "PostmanRuntime/7.32.3"
::1 - - [10/Aug/2023:02:26:55 +0000] "POST /api/v1/user/profile/image HTTP/1.1" 200 82 "-" "PostmanRuntime/7.32.3"
::1 - - [10/Aug/2023:02:48:46 +0000] "POST /api/v1/user/profile/update HTTP/1.1" 400 115 "-" "PostmanRuntime/7.32.3"
::1 - - [10/Aug/2023:02:49:47 +0000] "POST /api/v1/user/profile/update?id=1 HTTP/1.1" 400 115 "-" "PostmanRuntime/7.32.3"
::1 - - [10/Aug/2023:02:49:50 +0000] "POST /api/v1/user/profile/update?id=1 HTTP/1.1" 400 115 "-" "PostmanRuntime/7.32.3"
::1 - - [10/Aug/2023:02:50:25 +0000] "POST /api/v1/user/profile/update?id=1 HTTP/1.1" 400 115 "-" "PostmanRuntime/7.32.3"
::1 - - [10/Aug/2023:02:50:54 +0000] "POST /api/v1/user/profile/update/1 HTTP/1.1" 200 14 "-" "PostmanRuntime/7.32.3"
::1 - - [10/Aug/2023:02:50:59 +0000] "POST /api/v1/user/profile/update/2 HTTP/1.1" 200 82 "-" "PostmanRuntime/7.32.3"
::1 - - [10/Aug/2023:02:51:11 +0000] "POST /api/v1/user/profile/update/2 HTTP/1.1" 200 82 "-" "PostmanRuntime/7.32.3"
::1 - - [10/Aug/2023:02:52:51 +0000] "POST /api/v1/product HTTP/1.1" 404 154 "-" "PostmanRuntime/7.32.3"
::1 - - [10/Aug/2023:02:57:06 +0000] "POST /api/v1/product HTTP/1.1" 401 142 "-" "PostmanRuntime/7.32.3"
::1 - - [10/Aug/2023:02:57:21 +0000] "POST /api/v1/user HTTP/1.1" 200 182 "-" "PostmanRuntime/7.32.3"
::1 - - [10/Aug/2023:02:57:27 +0000] "POST /api/v1/product HTTP/1.1" 500 67 "-" "PostmanRuntime/7.32.3"
::1 - - [10/Aug/2023:02:57:48 +0000] "POST /api/v1/product HTTP/1.1" 400 154 "-" "PostmanRuntime/7.32.3"
::1 - - [10/Aug/2023:02:58:19 +0000] "POST /api/v1/product HTTP/1.1" 200 81 "-" "PostmanRuntime/7.32.3"
::1 - - [10/Aug/2023:02:59:27 +0000] "POST /api/v1/product HTTP/1.1" 400 92 "-" "PostmanRuntime/7.32.3"
::1 - - [10/Aug/2023:03:00:55 +0000] "POST /api/v1/product HTTP/1.1" 200 81 "-" "PostmanRuntime/7.32.3"
::1 - - [10/Aug/2023:03:01:17 +0000] "POST /api/v1/product HTTP/1.1" 200 81 "-" "PostmanRuntime/7.32.3"
::1 - - [10/Aug/2023:03:03:51 +0000] "POST /api/v1/product HTTP/1.1" 200 81 "-" "PostmanRuntime/7.32.3"
::1 - - [10/Aug/2023:03:04:22 +0000] "POST /api/v1/product HTTP/1.1" 200 81 "-" "PostmanRuntime/7.32.3"
::1 - - [10/Aug/2023:03:04:53 +0000] "POST /api/v1/product HTTP/1.1" 200 81 "-" "PostmanRuntime/7.32.3"
::1 - - [10/Aug/2023:03:15:08 +0000] "POST /api/v1/product/1 HTTP/1.1" 400 183 "-" "PostmanRuntime/7.32.3"
::1 - - [10/Aug/2023:03:15:43 +0000] "POST /api/v1/product/1 HTTP/1.1" 400 183 "-" "PostmanRuntime/7.32.3"
::1 - - [10/Aug/2023:03:15:51 +0000] "POST /api/v1/product/1 HTTP/1.1" 500 93 "-" "PostmanRuntime/7.32.3"
::1 - - [10/Aug/2023:03:16:13 +0000] "POST /api/v1/product/1 HTTP/1.1" 400 183 "-" "PostmanRuntime/7.32.3"
::1 - - [10/Aug/2023:03:16:28 +0000] "POST /api/v1/product/1 HTTP/1.1" 400 183 "-" "PostmanRuntime/7.32.3"
::1 - - [10/Aug/2023:03:16:44 +0000] "POST /api/v1/product/6 HTTP/1.1" 500 95 "-" "PostmanRuntime/7.32.3"
::1 - - [10/Aug/2023:03:17:12 +0000] "POST /api/v1/product/6 HTTP/1.1" 500 85 "-" "PostmanRuntime/7.32.3"
::1 - - [10/Aug/2023:03:17:49 +0000] "POST /api/v1/product/6 HTTP/1.1" 500 95 "-" "PostmanRuntime/7.32.3"
::1 - - [10/Aug/2023:03:18:07 +0000] "POST /api/v1/product/6 HTTP/1.1" 500 95 "-" "PostmanRuntime/7.32.3"
::1 - - [10/Aug/2023:03:19:23 +0000] "POST /api/v1/product/6 HTTP/1.1" 500 95 "-" "PostmanRuntime/7.32.3"
::1 - - [10/Aug/2023:03:19:25 +0000] "POST /api/v1/product/6 HTTP/1.1" 500 95 "-" "PostmanRuntime/7.32.3"
::1 - - [10/Aug/2023:03:20:20 +0000] "POST /api/v1/product/6 HTTP/1.1" 500 95 "-" "PostmanRuntime/7.32.3"
::1 - - [10/Aug/2023:03:20:26 +0000] "POST /api/v1/product/6 HTTP/1.1" 200 98 "-" "PostmanRuntime/7.32.3"
::1 - - [10/Aug/2023:03:21:04 +0000] "POST /api/v1/product/6 HTTP/1.1" 200 98 "-" "PostmanRuntime/7.32.3"
::1 - - [10/Aug/2023:03:21:50 +0000] "POST /api/v1/product/6 HTTP/1.1" 200 98 "-" "PostmanRuntime/7.32.3"
::1 - - [10/Aug/2023:03:22:00 +0000] "POST /api/v1/product/6 HTTP/1.1" 200 98 "-" "PostmanRuntime/7.32.3"
::1 - - [10/Aug/2023:03:22:19 +0000] "POST /api/v1/product/6 HTTP/1.1" 200 98 "-" "PostmanRuntime/7.32.3"
::1 - - [10/Aug/2023:03:22:47 +0000] "POST /api/v1/product/6 HTTP/1.1" 200 98 "-" "PostmanRuntime/7.32.3"
::1 - - [10/Aug/2023:03:24:13 +0000] "POST /api/v1/product/6 HTTP/1.1" 500 134 "-" "PostmanRuntime/7.32.3"
::1 - - [10/Aug/2023:03:25:08 +0000] "POST /api/v1/product/6 HTTP/1.1" 500 134 "-" "PostmanRuntime/7.32.3"
::1 - - [10/Aug/2023:03:25:23 +0000] "POST /api/v1/product/6 HTTP/1.1" 200 98 "-" "PostmanRuntime/7.32.3"
::1 - - [10/Aug/2023:03:25:35 +0000] "POST /api/v1/product/6 HTTP/1.1" 200 98 "-" "PostmanRuntime/7.32.3"
::1 - - [10/Aug/2023:03:26:26 +0000] "POST /api/v1/product/6 HTTP/1.1" 200 98 "-" "PostmanRuntime/7.32.3"
::1 - - [10/Aug/2023:03:27:23 +0000] "POST /api/v1/product/6 HTTP/1.1" 200 98 "-" "PostmanRuntime/7.32.3"
::1 - - [10/Aug/2023:03:27:34 +0000] "POST /api/v1/product/6 HTTP/1.1" 200 98 "-" "PostmanRuntime/7.32.3"
::1 - - [10/Aug/2023:03:28:29 +0000] "POST /api/v1/product/6 HTTP/1.1" 200 98 "-" "PostmanRuntime/7.32.3"
::1 - - [10/Aug/2023:03:29:24 +0000] "POST /api/v1/product/6 HTTP/1.1" 500 112 "-" "PostmanRuntime/7.32.3"
::1 - - [10/Aug/2023:03:29:39 +0000] "POST /api/v1/product/6 HTTP/1.1" 200 98 "-" "PostmanRuntime/7.32.3"
::1 - - [10/Aug/2023:03:29:57 +0000] "POST /api/v1/product/6 HTTP/1.1" 200 98 "-" "PostmanRuntime/7.32.3"
::1 - - [10/Aug/2023:03:30:07 +0000] "POST /api/v1/product/6 HTTP/1.1" 200 98 "-" "PostmanRuntime/7.32.3"
::1 - - [10/Aug/2023:03:30:22 +0000] "POST /api/v1/product/6 HTTP/1.1" 200 98 "-" "PostmanRuntime/7.32.3"
::1 - - [10/Aug/2023:03:30:30 +0000] "POST /api/v1/product/6 HTTP/1.1" 200 98 "-" "PostmanRuntime/7.32.3"
::1 - - [10/Aug/2023:03:30:44 +0000] "POST /api/v1/product/6 HTTP/1.1" 500 99 "-" "PostmanRuntime/7.32.3"
::1 - - [10/Aug/2023:03:31:00 +0000] "POST /api/v1/product/6 HTTP/1.1" 500 99 "-" "PostmanRuntime/7.32.3"
::1 - - [10/Aug/2023:03:31:09 +0000] "POST /api/v1/product/6 HTTP/1.1" 500 94 "-" "PostmanRuntime/7.32.3"
::1 - - [10/Aug/2023:03:31:31 +0000] "POST /api/v1/product/6 HTTP/1.1" 500 94 "-" "PostmanRuntime/7.32.3"
::1 - - [10/Aug/2023:03:31:41 +0000] "POST /api/v1/product/6 HTTP/1.1" 500 94 "-" "PostmanRuntime/7.32.3"
::1 - - [10/Aug/2023:03:31:50 +0000] "POST /api/v1/product/6 HTTP/1.1" 500 94 "-" "PostmanRuntime/7.32.3"
::1 - - [10/Aug/2023:03:32:04 +0000] "POST /api/v1/product/6 HTTP/1.1" 500 94 "-" "PostmanRuntime/7.32.3"
::1 - - [10/Aug/2023:03:32:32 +0000] "POST /api/v1/product/6 HTTP/1.1" 500 94 "-" "PostmanRuntime/7.32.3"
::1 - - [10/Aug/2023:03:32:41 +0000] "POST /api/v1/product/6 HTTP/1.1" 200 98 "-" "PostmanRuntime/7.32.3"
::1 - - [10/Aug/2023:03:32:46 +0000] "POST /api/v1/product/6 HTTP/1.1" 500 94 "-" "PostmanRuntime/7.32.3"
::1 - - [10/Aug/2023:03:33:26 +0000] "POST /api/v1/product/6 HTTP/1.1" 500 97 "-" "PostmanRuntime/7.32.3"
::1 - - [10/Aug/2023:03:34:11 +0000] "POST /api/v1/product/6 HTTP/1.1" 200 98 "-" "PostmanRuntime/7.32.3"
::1 - - [10/Aug/2023:03:34:44 +0000] "POST /api/v1/product/6 HTTP/1.1" 500 99 "-" "PostmanRuntime/7.32.3"
::1 - - [10/Aug/2023:03:34:56 +0000] "POST /api/v1/product/6 HTTP/1.1" 500 99 "-" "PostmanRuntime/7.32.3"
::1 - - [10/Aug/2023:03:35:31 +0000] "POST /api/v1/product/6 HTTP/1.1" 500 99 "-" "PostmanRuntime/7.32.3"
::1 - - [10/Aug/2023:04:00:44 +0000] "POST /api/v1/product/6 HTTP/1.1" 500 99 "-" "PostmanRuntime/7.32.3"
::1 - - [10/Aug/2023:04:01:37 +0000] "POST /api/v1/product/6 HTTP/1.1" 500 99 "-" "PostmanRuntime/7.32.3"
::1 - - [10/Aug/2023:04:02:03 +0000] "POST /api/v1/product/6 HTTP/1.1" 500 99 "-" "PostmanRuntime/7.32.3"
::1 - - [10/Aug/2023:04:02:15 +0000] "POST /api/v1/product/6 HTTP/1.1" 200 98 "-" "PostmanRuntime/7.32.3"
::1 - - [10/Aug/2023:04:02:39 +0000] "GET /api/v1/product HTTP/1.1" 200 336 "-" "PostmanRuntime/7.32.3"
::1 - - [10/Aug/2023:04:04:02 +0000] "GET /api/v1/product HTTP/1.1" 200 468 "-" "PostmanRuntime/7.32.3"
::1 - - [10/Aug/2023:04:04:23 +0000] "GET /api/v1/product HTTP/1.1" 200 168 "-" "PostmanRuntime/7.32.3"
::1 - - [10/Aug/2023:04:05:10 +0000] "GET /api/v1/product HTTP/1.1" 200 419 "-" "PostmanRuntime/7.32.3"
::1 - - [10/Aug/2023:04:05:48 +0000] "GET /api/v1/product HTTP/1.1" 200 419 "-" "PostmanRuntime/7.32.3"
::1 - - [10/Aug/2023:04:06:30 +0000] "GET /api/v1/product HTTP/1.1" 200 419 "-" "PostmanRuntime/7.32.3"
::1 - - [10/Aug/2023:04:07:24 +0000] "GET /api/v1/product HTTP/1.1" 200 419 "-" "PostmanRuntime/7.32.3"
::1 - - [10/Aug/2023:04:07:41 +0000] "GET /api/v1/product/1 HTTP/1.1" 404 155 "-" "PostmanRuntime/7.32.3"
::1 - - [10/Aug/2023:04:08:12 +0000] "GET /api/v1/product/1 HTTP/1.1" 200 419 "-" "PostmanRuntime/7.32.3"
::1 - - [10/Aug/2023:04:09:04 +0000] "GET /api/v1/product/1 HTTP/1.1" 200 30 "-" "PostmanRuntime/7.32.3"
::1 - - [10/Aug/2023:04:09:19 +0000] "GET /api/v1/product/1 HTTP/1.1" 200 30 "-" "PostmanRuntime/7.32.3"
::1 - - [10/Aug/2023:04:09:26 +0000] "GET /api/v1/product/1 HTTP/1.1" 200 29 "-" "PostmanRuntime/7.32.3"
::1 - - [10/Aug/2023:04:10:14 +0000] "GET /api/v1/product/1 HTTP/1.1" 404 71 "-" "PostmanRuntime/7.32.3"
::1 - - [10/Aug/2023:04:10:26 +0000] "GET /api/v1/product/1 HTTP/1.1" 200 29 "-" "PostmanRuntime/7.32.3"
::1 - - [10/Aug/2023:04:11:38 +0000] "GET /api/v1/product/1 HTTP/1.1" 400 186 "-" "PostmanRuntime/7.32.3"
::1 - - [10/Aug/2023:04:11:46 +0000] "GET /api/v1/product/6 HTTP/1.1" 200 416 "-" "PostmanRuntime/7.32.3"
::1 - - [10/Aug/2023:04:12:03 +0000] "POST /api/v1/product HTTP/1.1" 400 92 "-" "PostmanRuntime/7.32.3"
::1 - - [10/Aug/2023:04:12:14 +0000] "POST /api/v1/product HTTP/1.1" 200 81 "-" "PostmanRuntime/7.32.3"
::1 - - [10/Aug/2023:04:12:19 +0000] "GET /api/v1/product HTTP/1.1" 200 808 "-" "PostmanRuntime/7.32.3"
::1 - - [10/Aug/2023:04:15:46 +0000] "DELETE /api/v1/product/7 HTTP/1.1" 200 107 "-" "PostmanRuntime/7.32.3"
::1 - - [10/Aug/2023:04:15:49 +0000] "DELETE /api/v1/product/7 HTTP/1.1" 200 107 "-" "PostmanRuntime/7.32.3"
::1 - - [10/Aug/2023:04:16:03 +0000] "GET /api/v1/product HTTP/1.1" 200 419 "-" "PostmanRuntime/7.32.3"
::1 - - [10/Aug/2023:04:16:52 +0000] "DELETE /api/v1/product/7 HTTP/1.1" 400 186 "-" "PostmanRuntime/7.32.3"
::1 - - [10/Aug/2023:04:17:47 +0000] "GET /api/v1/product/6 HTTP/1.1" 200 416 "-" "PostmanRuntime/7.32.3"
::1 - - [10/Aug/2023:04:17:48 +0000] "GET /api/v1/product/7 HTTP/1.1" 400 186 "-" "PostmanRuntime/7.32.3"
::1 - - [10/Aug/2023:04:41:59 +0000] "GET /api/v1/card HTTP/1.1" 404 150 "-" "PostmanRuntime/7.32.3"
::1 - - [10/Aug/2023:04:42:32 +0000] "GET /api/v1/card HTTP/1.1" 404 150 "-" "PostmanRuntime/7.32.3"
::1 - - [10/Aug/2023:04:42:45 +0000] "GET /api/v1/card HTTP/1.1" 404 150 "-" "PostmanRuntime/7.32.3"
::1 - - [10/Aug/2023:04:42:54 +0000] "GET /api/v1/card HTTP/1.1" 500 2862 "-" "PostmanRuntime/7.32.3"
::1 - - [10/Aug/2023:04:44:44 +0000] "GET /api/v1/card HTTP/1.1" 200 24 "-" "PostmanRuntime/7.32.3"
::1 - - [10/Aug/2023:04:45:22 +0000] "POST /api/v1/card HTTP/1.1" 404 151 "-" "PostmanRuntime/7.32.3"
::1 - - [10/Aug/2023:04:45:54 +0000] "POST /api/v1/card HTTP/1.1" 200 24 "-" "PostmanRuntime/7.32.3"
::1 - - [10/Aug/2023:04:46:40 +0000] "POST /api/v1/card HTTP/1.1" 400 119 "-" "PostmanRuntime/7.32.3"
::1 - - [10/Aug/2023:04:47:03 +0000] "POST /api/v1/card HTTP/1.1" 400 186 "-" "PostmanRuntime/7.32.3"
::1 - - [10/Aug/2023:04:47:09 +0000] "POST /api/v1/card HTTP/1.1" 200 24 "-" "PostmanRuntime/7.32.3"
::1 - - [10/Aug/2023:04:47:14 +0000] "POST /api/v1/card HTTP/1.1" 400 186 "-" "PostmanRuntime/7.32.3"
::1 - - [10/Aug/2023:04:56:07 +0000] "POST /api/v1/card HTTP/1.1" 200 76 "-" "PostmanRuntime/7.32.3"
::1 - - [10/Aug/2023:04:56:15 +0000] "POST /api/v1/card HTTP/1.1" 200 76 "-" "PostmanRuntime/7.32.3"
::1 - - [10/Aug/2023:04:56:46 +0000] "POST /api/v1/card HTTP/1.1" 200 76 "-" "PostmanRuntime/7.32.3"
::1 - - [10/Aug/2023:04:57:06 +0000] "GET /api/v1/card HTTP/1.1" 200 378 "-" "PostmanRuntime/7.32.3"
::1 - - [10/Aug/2023:04:59:27 +0000] "POST /api/v1/card/remove HTTP/1.1" 200 74 "-" "PostmanRuntime/7.32.3"
::1 - - [10/Aug/2023:05:09:34 +0000] "POST /api/v1/card/remove HTTP/1.1" 400 103 "-" "PostmanRuntime/7.32.3"
::1 - - [10/Aug/2023:05:09:42 +0000] "POST /api/v1/card/remove?id=1 HTTP/1.1" 400 103 "-" "PostmanRuntime/7.32.3"
::1 - - [10/Aug/2023:05:10:09 +0000] "POST /api/v1/card/remove HTTP/1.1" 500 1173 "-" "PostmanRuntime/7.32.3"
::1 - - [10/Aug/2023:05:10:39 +0000] "POST /api/v1/card/remove HTTP/1.1" 500 58 "-" "PostmanRuntime/7.32.3"
::1 - - [10/Aug/2023:05:10:54 +0000] "POST /api/v1/card/remove HTTP/1.1" 400 186 "-" "PostmanRuntime/7.32.3"
::1 - - [10/Aug/2023:05:10:59 +0000] "POST /api/v1/card/remove HTTP/1.1" 500 1173 "-" "PostmanRuntime/7.32.3"
::1 - - [10/Aug/2023:05:11:27 +0000] "POST /api/v1/card/remove HTTP/1.1" 500 1173 "-" "PostmanRuntime/7.32.3"
::1 - - [10/Aug/2023:05:11:33 +0000] "POST /api/v1/card/remove HTTP/1.1" 500 1173 "-" "PostmanRuntime/7.32.3"
::1 - - [10/Aug/2023:05:11:38 +0000] "POST /api/v1/card/remove HTTP/1.1" 200 74 "-" "PostmanRuntime/7.32.3"
::1 - - [10/Aug/2023:05:11:43 +0000] "POST /api/v1/card/remove HTTP/1.1" 200 74 "-" "PostmanRuntime/7.32.3"
::1 - - [10/Aug/2023:05:11:50 +0000] "POST /api/v1/card/remove HTTP/1.1" 500 1173 "-" "PostmanRuntime/7.32.3"
::1 - - [10/Aug/2023:05:12:31 +0000] "POST /api/v1/card/remove HTTP/1.1" 200 74 "-" "PostmanRuntime/7.32.3"
::1 - - [10/Aug/2023:05:12:41 +0000] "POST /api/v1/card/remove HTTP/1.1" 200 74 "-" "PostmanRuntime/7.32.3"
::1 - - [10/Aug/2023:05:12:55 +0000] "POST /api/v1/card/remove HTTP/1.1" 500 1173 "-" "PostmanRuntime/7.32.3"
::1 - - [10/Aug/2023:05:13:07 +0000] "POST /api/v1/card/remove HTTP/1.1" 200 74 "-" "PostmanRuntime/7.32.3"
::1 - - [10/Aug/2023:05:13:15 +0000] "POST /api/v1/card/remove HTTP/1.1" 200 74 "-" "PostmanRuntime/7.32.3"
::1 - - [10/Aug/2023:05:13:25 +0000] "POST /api/v1/card/remove HTTP/1.1" 400 184 "-" "PostmanRuntime/7.32.3"
::1 - - [10/Aug/2023:05:13:37 +0000] "POST /api/v1/card/remove HTTP/1.1" 200 74 "-" "PostmanRuntime/7.32.3"
::1 - - [10/Aug/2023:05:13:50 +0000] "POST /api/v1/card/remove HTTP/1.1" 200 74 "-" "PostmanRuntime/7.32.3"
::1 - - [10/Aug/2023:05:13:57 +0000] "POST /api/v1/card HTTP/1.1" 200 76 "-" "PostmanRuntime/7.32.3"
::1 - - [10/Aug/2023:05:20:17 +0000] "POST /api/v1/user/signup HTTP/1.1" 401 142 "-" "PostmanRuntime/7.32.3"
::1 - - [10/Aug/2023:05:20:26 +0000] "POST /api/v1/user/signup HTTP/1.1" 401 142 "-" "PostmanRuntime/7.32.3"
::1 - - [10/Aug/2023:05:21:06 +0000] "POST /api/v1/user/login/signup HTTP/1.1" 200 251 "-" "PostmanRuntime/7.32.3"
::1 - - [10/Aug/2023:05:21:21 +0000] "POST /api/v1/user HTTP/1.1" 200 182 "-" "PostmanRuntime/7.32.3"
::1 - - [10/Aug/2023:05:21:31 +0000] "GET /api/v1/user HTTP/1.1" 403 142 "-" "PostmanRuntime/7.32.3"
::1 - - [10/Aug/2023:05:21:46 +0000] "POST /api/v1/user HTTP/1.1" 200 182 "-" "PostmanRuntime/7.32.3"
::1 - - [10/Aug/2023:05:21:49 +0000] "GET /api/v1/user HTTP/1.1" 200 878 "-" "PostmanRuntime/7.32.3"
::1 - - [10/Aug/2023:05:22:02 +0000] "POST /api/v1/product HTTP/1.1" 200 86 "-" "PostmanRuntime/7.32.3"
::1 - - [10/Aug/2023:05:22:07 +0000] "GET /api/v1/product HTTP/1.1" 200 761 "-" "PostmanRuntime/7.32.3"
::1 - - [10/Aug/2023:05:22:31 +0000] "POST /api/v1/card HTTP/1.1" 200 76 "-" "PostmanRuntime/7.32.3"
::1 - - [10/Aug/2023:05:22:35 +0000] "GET /api/v1/card HTTP/1.1" 200 24 "-" "PostmanRuntime/7.32.3"
::1 - - [10/Aug/2023:05:23:28 +0000] "GET /api/v1/card HTTP/1.1" 200 24 "-" "PostmanRuntime/7.32.3"
::1 - - [10/Aug/2023:05:23:36 +0000] "GET /api/v1/card HTTP/1.1" 200 29 "-" "PostmanRuntime/7.32.3"
::1 - - [10/Aug/2023:05:23:50 +0000] "POST /api/v1/user HTTP/1.1" 200 182 "-" "PostmanRuntime/7.32.3"
::1 - - [10/Aug/2023:05:24:00 +0000] "GET /api/v1/card HTTP/1.1" 200 24 "-" "PostmanRuntime/7.32.3"
::1 - - [10/Aug/2023:05:24:12 +0000] "POST /api/v1/user HTTP/1.1" 200 182 "-" "PostmanRuntime/7.32.3"
::1 - - [10/Aug/2023:05:24:16 +0000] "GET /api/v1/card HTTP/1.1" 200 24 "-" "PostmanRuntime/7.32.3"
::1 - - [10/Aug/2023:05:24:35 +0000] "POST /api/v1/card HTTP/1.1" 200 76 "-" "PostmanRuntime/7.32.3"
::1 - - [10/Aug/2023:05:24:38 +0000] "GET /api/v1/card HTTP/1.1" 200 24 "-" "PostmanRuntime/7.32.3"
::1 - - [11/Aug/2023:05:29:06 +0000] "GET /api/v1/user HTTP/1.1" 401 142 "-" "PostmanRuntime/7.32.3"
::1 - - [11/Aug/2023:05:29:32 +0000] "GET /api/v1/user/1 HTTP/1.1" 401 142 "-" "PostmanRuntime/7.32.3"
::1 - - [11/Aug/2023:05:29:43 +0000] "GET /api/v1/user/login/signup HTTP/1.1" 404 163 "-" "PostmanRuntime/7.32.3"
::1 - - [11/Aug/2023:05:29:53 +0000] "POST /api/v1/user/login/signup HTTP/1.1" 400 158 "-" "PostmanRuntime/7.32.3"
::1 - - [11/Aug/2023:05:30:15 +0000] "POST /api/v1/user/login/signup HTTP/1.1" 400 158 "-" "PostmanRuntime/7.32.3"
::1 - - [11/Aug/2023:05:30:32 +0000] "POST /api/v1/user/login/signup HTTP/1.1" 200 251 "-" "PostmanRuntime/7.32.3"
::1 - - [11/Aug/2023:05:31:15 +0000] "POST /api/v1/user HTTP/1.1" 400 142 "-" "PostmanRuntime/7.32.3"
::1 - - [11/Aug/2023:05:31:45 +0000] "POST /api/v1/user HTTP/1.1" 200 104 "-" "PostmanRuntime/7.32.3"
::1 - - [11/Aug/2023:05:31:59 +0000] "POST /api/v1/user HTTP/1.1" 200 75 "-" "PostmanRuntime/7.32.3"
::1 - - [11/Aug/2023:05:32:05 +0000] "POST /api/v1/user HTTP/1.1" 200 182 "-" "PostmanRuntime/7.32.3"
::1 - - [11/Aug/2023:05:32:20 +0000] "POST /api/v1/user HTTP/1.1" 200 182 "-" "PostmanRuntime/7.32.3"
::1 - - [11/Aug/2023:05:32:28 +0000] "GET /api/v1/user HTTP/1.1" 401 142 "-" "PostmanRuntime/7.32.3"
::1 - - [11/Aug/2023:05:32:35 +0000] "POST /api/v1/user HTTP/1.1" 200 182 "-" "PostmanRuntime/7.32.3"
::1 - - [11/Aug/2023:05:32:39 +0000] "GET /api/v1/user HTTP/1.1" 401 142 "-" "PostmanRuntime/7.32.3"
::1 - - [11/Aug/2023:05:32:47 +0000] "GET /api/v1/user HTTP/1.1" 403 142 "-" "PostmanRuntime/7.32.3"
::1 - - [11/Aug/2023:05:32:57 +0000] "POST /api/v1/user HTTP/1.1" 200 182 "-" "PostmanRuntime/7.32.3"
::1 - - [11/Aug/2023:05:33:02 +0000] "GET /api/v1/user HTTP/1.1" 200 786 "-" "PostmanRuntime/7.32.3"
::1 - - [11/Aug/2023:05:46:26 +0000] "GET /api/v1/user HTTP/1.1" 401 142 "-" "PostmanRuntime/7.32.3"
::1 - - [21/Aug/2023:11:58:17 +0000] "GET / HTTP/1.1" 404 139 "-" "Mozilla/5.0 (Windows NT 10.0; Win64; x64) AppleWebKit/537.36 (KHTML, like Gecko) Chrome/116.0.0.0 Safari/537.36"
